-- The C compiler identification is GNU 9.4.0
-- The CXX compiler identification is GNU 9.4.0
-- Check for working C compiler: /usr/bin/cc
-- Check for working C compiler: /usr/bin/cc -- works
-- Detecting C compiler ABI info
-- Detecting C compiler ABI info - done
-- Detecting C compile features
-- Detecting C compile features - done
-- Check for working CXX compiler: /usr/bin/c++
-- Check for working CXX compiler: /usr/bin/c++ -- works
-- Detecting CXX compiler ABI info
-- Detecting CXX compiler ABI info - done
-- Detecting CXX compile features
-- Detecting CXX compile features - done
-- Found ament_cmake: 1.2.1 (/opt/ros/rolling/share/ament_cmake/cmake)
-- Found Python3: /usr/bin/python3.8 (found version "3.8.10") found components: Interpreter 
-- Found rclcpp: 15.0.0 (/opt/ros/rolling/share/rclcpp/cmake)
-- Using all available rosidl_typesupport_c: rosidl_typesupport_fastrtps_c;rosidl_typesupport_introspection_c
-- Found rosidl_adapter: 3.0.1 (/opt/ros/rolling/share/rosidl_adapter/cmake)
-- Using all available rosidl_typesupport_cpp: rosidl_typesupport_fastrtps_cpp;rosidl_typesupport_introspection_cpp
-- Found rmw_implementation_cmake: 5.1.0 (/opt/ros/rolling/share/rmw_implementation_cmake/cmake)
-- Found rmw_cyclonedds_cpp: 1.1.2 (/opt/ros/rolling/share/rmw_cyclonedds_cpp/cmake)
-- Using RMW implementation 'rmw_cyclonedds_cpp' as default
-- Configuring done
CMake Error at CMakeLists.txt:20 (add_executable):
  Cannot find source file:

    src/subscriber_member_function.cpp

  Tried extensions .c .C .c++ .cc .cpp .cxx .cu .m .M .mm .h .hh .h++ .hm
  .hpp .hxx .in .txx


CMake Error at CMakeLists.txt:13 (add_executable):
  Cannot find source file:

    src/publisher_member_function.cpp

  Tried extensions .c .C .c++ .cc .cpp .cxx .cu .m .M .mm .h .hh .h++ .hm
  .hpp .hxx .in .txx


CMake Error at CMakeLists.txt:20 (add_executable):
  No SOURCES given to target: listener


CMake Error at CMakeLists.txt:13 (add_executable):
  No SOURCES given to target: talker


CMake Generate step failed.  Build files cannot be regenerated correctly.
