[0.014s] Invoking command in '/home/aaf/Software/Dev/Templates/ROS2/cpp_pubsub/build/cpp_pubsub': CMAKE_PREFIX_PATH=/opt/ros/rolling /usr/bin/cmake /home/aaf/Software/Dev/Templates/ROS2/cpp_pubsub -DCMAKE_INSTALL_PREFIX=/home/aaf/Software/Dev/Templates/ROS2/cpp_pubsub/install/cpp_pubsub
[0.079s] -- The C compiler identification is GNU 9.4.0
[0.139s] -- The CXX compiler identification is GNU 9.4.0
[0.144s] -- Check for working C compiler: /usr/bin/cc
[0.219s] -- Check for working C compiler: /usr/bin/cc -- works
[0.219s] -- Detecting C compiler ABI info
[0.295s] -- Detecting C compiler ABI info - done
[0.307s] -- Detecting C compile features
[0.307s] -- Detecting C compile features - done
[0.310s] -- Check for working CXX compiler: /usr/bin/c++
[0.399s] -- Check for working CXX compiler: /usr/bin/c++ -- works
[0.400s] -- Detecting CXX compiler ABI info
[0.486s] -- Detecting CXX compiler ABI info - done
[0.498s] -- Detecting CXX compile features
[0.499s] -- Detecting CXX compile features - done
[0.501s] -- Found ament_cmake: 1.2.1 (/opt/ros/rolling/share/ament_cmake/cmake)
[0.641s] -- Found Python3: /usr/bin/python3.8 (found version "3.8.10") found components: Interpreter 
[0.723s] -- Found rclcpp: 15.0.0 (/opt/ros/rolling/share/rclcpp/cmake)
[0.793s] -- Using all available rosidl_typesupport_c: rosidl_typesupport_fastrtps_c;rosidl_typesupport_introspection_c
[0.802s] -- Found rosidl_adapter: 3.0.1 (/opt/ros/rolling/share/rosidl_adapter/cmake)
[0.860s] -- Using all available rosidl_typesupport_cpp: rosidl_typesupport_fastrtps_cpp;rosidl_typesupport_introspection_cpp
[0.940s] -- Found rmw_implementation_cmake: 5.1.0 (/opt/ros/rolling/share/rmw_implementation_cmake/cmake)
[0.944s] -- Found rmw_cyclonedds_cpp: 1.1.2 (/opt/ros/rolling/share/rmw_cyclonedds_cpp/cmake)
[0.970s] -- Using RMW implementation 'rmw_cyclonedds_cpp' as default
[1.219s] -- Configuring done
[1.219s] CMake Error at CMakeLists.txt:20 (add_executable):
[1.219s]   Cannot find source file:
[1.219s] 
[1.219s]     src/subscriber_member_function.cpp
[1.220s] 
[1.220s]   Tried extensions .c .C .c++ .cc .cpp .cxx .cu .m .M .mm .h .hh .h++ .hm
[1.220s]   .hpp .hxx .in .txx
[1.220s] 
[1.220s] 
[1.220s] CMake Error at CMakeLists.txt:13 (add_executable):
[1.220s]   Cannot find source file:
[1.220s] 
[1.220s]     src/publisher_member_function.cpp
[1.220s] 
[1.221s]   Tried extensions .c .C .c++ .cc .cpp .cxx .cu .m .M .mm .h .hh .h++ .hm
[1.221s]   .hpp .hxx .in .txx
[1.221s] 
[1.221s] 
[1.221s] CMake Error at CMakeLists.txt:20 (add_executable):
[1.221s]   No SOURCES given to target: listener
[1.221s] 
[1.221s] 
[1.221s] CMake Error at CMakeLists.txt:13 (add_executable):
[1.221s]   No SOURCES given to target: talker
[1.221s] 
[1.221s] 
[1.221s] CMake Generate step failed.  Build files cannot be regenerated correctly.
[1.227s] Invoked command in '/home/aaf/Software/Dev/Templates/ROS2/cpp_pubsub/build/cpp_pubsub' returned '1': CMAKE_PREFIX_PATH=/opt/ros/rolling /usr/bin/cmake /home/aaf/Software/Dev/Templates/ROS2/cpp_pubsub -DCMAKE_INSTALL_PREFIX=/home/aaf/Software/Dev/Templates/ROS2/cpp_pubsub/install/cpp_pubsub
