[0.014s] Invoking command in '/home/aaf/Software/Dev/Templates/ROS2/build/cpp_pubsub': CMAKE_PREFIX_PATH=/opt/ros/rolling /usr/bin/cmake /home/aaf/Software/Dev/Templates/ROS2/cpp_pubsub -DCMAKE_INSTALL_PREFIX=/home/aaf/Software/Dev/Templates/ROS2/install/cpp_pubsub
[0.079s] -- The C compiler identification is GNU 9.4.0
[0.139s] -- The CXX compiler identification is GNU 9.4.0
[0.144s] -- Check for working C compiler: /usr/bin/cc
[0.222s] -- Check for working C compiler: /usr/bin/cc -- works
[0.222s] -- Detecting C compiler ABI info
[0.299s] -- Detecting C compiler ABI info - done
[0.313s] -- Detecting C compile features
[0.313s] -- Detecting C compile features - done
[0.316s] -- Check for working CXX compiler: /usr/bin/c++
[0.413s] -- Check for working CXX compiler: /usr/bin/c++ -- works
[0.414s] -- Detecting CXX compiler ABI info
[0.499s] -- Detecting CXX compiler ABI info - done
[0.512s] -- Detecting CXX compile features
[0.512s] -- Detecting CXX compile features - done
[0.515s] -- Found ament_cmake: 1.2.1 (/opt/ros/rolling/share/ament_cmake/cmake)
[0.651s] -- Found Python3: /usr/bin/python3.8 (found version "3.8.10") found components: Interpreter 
[0.729s] -- Found rclcpp: 15.0.0 (/opt/ros/rolling/share/rclcpp/cmake)
[0.778s] -- Using all available rosidl_typesupport_c: rosidl_typesupport_fastrtps_c;rosidl_typesupport_introspection_c
[0.784s] -- Found rosidl_adapter: 3.0.1 (/opt/ros/rolling/share/rosidl_adapter/cmake)
[0.825s] -- Using all available rosidl_typesupport_cpp: rosidl_typesupport_fastrtps_cpp;rosidl_typesupport_introspection_cpp
[0.890s] -- Found rmw_implementation_cmake: 5.1.0 (/opt/ros/rolling/share/rmw_implementation_cmake/cmake)
[0.893s] -- Found rmw_cyclonedds_cpp: 1.1.2 (/opt/ros/rolling/share/rmw_cyclonedds_cpp/cmake)
[0.915s] -- Using RMW implementation 'rmw_cyclonedds_cpp' as default
[1.150s] -- Configuring done
[1.151s] CMake Error at CMakeLists.txt:20 (add_executable):
[1.151s]   Cannot find source file:
[1.151s] 
[1.151s]     src/subscriber_member_function.cpp
[1.151s] 
[1.151s]   Tried extensions .c .C .c++ .cc .cpp .cxx .cu .m .M .mm .h .hh .h++ .hm
[1.151s]   .hpp .hxx .in .txx
[1.151s] 
[1.151s] 
[1.152s] CMake Error at CMakeLists.txt:13 (add_executable):
[1.152s]   Cannot find source file:
[1.152s] 
[1.152s]     src/publisher_member_function.cpp
[1.152s] 
[1.152s]   Tried extensions .c .C .c++ .cc .cpp .cxx .cu .m .M .mm .h .hh .h++ .hm
[1.152s]   .hpp .hxx .in .txx
[1.152s] 
[1.152s] 
[1.152s] CMake Error at CMakeLists.txt:20 (add_executable):
[1.152s]   No SOURCES given to target: listener
[1.153s] 
[1.153s] 
[1.153s] CMake Error at CMakeLists.txt:13 (add_executable):
[1.153s]   No SOURCES given to target: talker
[1.153s] 
[1.153s] 
[1.153s] CMake Generate step failed.  Build files cannot be regenerated correctly.
[1.159s] Invoked command in '/home/aaf/Software/Dev/Templates/ROS2/build/cpp_pubsub' returned '1': CMAKE_PREFIX_PATH=/opt/ros/rolling /usr/bin/cmake /home/aaf/Software/Dev/Templates/ROS2/cpp_pubsub -DCMAKE_INSTALL_PREFIX=/home/aaf/Software/Dev/Templates/ROS2/install/cpp_pubsub
