[0.014s] Invoking command in '/home/aaf/Software/Dev/Templates/ROS2/cpp_pubsub/build/cpp_pubsub': CMAKE_PREFIX_PATH=/opt/ros/rolling /usr/bin/cmake /home/aaf/Software/Dev/Templates/ROS2/cpp_pubsub -DCMAKE_INSTALL_PREFIX=/home/aaf/Software/Dev/Templates/ROS2/cpp_pubsub/install/cpp_pubsub
[0.032s] -- Found ament_cmake: 1.2.1 (/opt/ros/rolling/share/ament_cmake/cmake)
[0.212s] -- Found rclcpp: 15.0.0 (/opt/ros/rolling/share/rclcpp/cmake)
[0.254s] -- Using all available rosidl_typesupport_c: rosidl_typesupport_fastrtps_c;rosidl_typesupport_introspection_c
[0.257s] -- Found rosidl_adapter: 3.0.1 (/opt/ros/rolling/share/rosidl_adapter/cmake)
[0.292s] -- Using all available rosidl_typesupport_cpp: rosidl_typesupport_fastrtps_cpp;rosidl_typesupport_introspection_cpp
[0.351s] -- Found rmw_implementation_cmake: 5.1.0 (/opt/ros/rolling/share/rmw_implementation_cmake/cmake)
[0.353s] -- Found rmw_cyclonedds_cpp: 1.1.2 (/opt/ros/rolling/share/rmw_cyclonedds_cpp/cmake)
[0.373s] -- Using RMW implementation 'rmw_cyclonedds_cpp' as default
[0.599s] -- Configuring done
[0.600s] CMake Error at CMakeLists.txt:20 (add_executable):
[0.600s]   Cannot find source file:
[0.600s] 
[0.600s]     src/subscriber_member_function.cpp
[0.600s] 
[0.600s]   Tried extensions .c .C .c++ .cc .cpp .cxx .cu .m .M .mm .h .hh .h++ .hm
[0.600s]   .hpp .hxx .in .txx
[0.600s] 
[0.600s] 
[0.600s] CMake Error at CMakeLists.txt:13 (add_executable):
[0.601s]   Cannot find source file:
[0.601s] 
[0.601s]     src/publisher_member_function.cpp
[0.601s] 
[0.601s]   Tried extensions .c .C .c++ .cc .cpp .cxx .cu .m .M .mm .h .hh .h++ .hm
[0.601s]   .hpp .hxx .in .txx
[0.601s] 
[0.601s] 
[0.601s] CMake Error at CMakeLists.txt:20 (add_executable):
[0.601s]   No SOURCES given to target: listener
[0.601s] 
[0.601s] 
[0.601s] CMake Error at CMakeLists.txt:13 (add_executable):
[0.602s]   No SOURCES given to target: talker
[0.602s] 
[0.602s] 
[0.602s] CMake Generate step failed.  Build files cannot be regenerated correctly.
[0.607s] Invoked command in '/home/aaf/Software/Dev/Templates/ROS2/cpp_pubsub/build/cpp_pubsub' returned '1': CMAKE_PREFIX_PATH=/opt/ros/rolling /usr/bin/cmake /home/aaf/Software/Dev/Templates/ROS2/cpp_pubsub -DCMAKE_INSTALL_PREFIX=/home/aaf/Software/Dev/Templates/ROS2/cpp_pubsub/install/cpp_pubsub
