-- Found ament_cmake: 1.2.1 (/opt/ros/rolling/share/ament_cmake/cmake)
-- Found rclcpp: 15.0.0 (/opt/ros/rolling/share/rclcpp/cmake)
-- Using all available rosidl_typesupport_c: rosidl_typesupport_fastrtps_c;rosidl_typesupport_introspection_c
-- Found rosidl_adapter: 3.0.1 (/opt/ros/rolling/share/rosidl_adapter/cmake)
-- Using all available rosidl_typesupport_cpp: rosidl_typesupport_fastrtps_cpp;rosidl_typesupport_introspection_cpp
-- Found rmw_implementation_cmake: 5.1.0 (/opt/ros/rolling/share/rmw_implementation_cmake/cmake)
-- Found rmw_cyclonedds_cpp: 1.1.2 (/opt/ros/rolling/share/rmw_cyclonedds_cpp/cmake)
-- Using RMW implementation 'rmw_cyclonedds_cpp' as default
-- Configuring done
-- Generating done
-- Build files have been written to: /home/aaf/Software/Dev/Templates/ROS2/cpp_pubsub/build/cpp_pubsub
[35m[1mScanning dependencies of target listener[0m
[35m[1mScanning dependencies of target talker[0m
[ 50%] [32mBuilding CXX object CMakeFiles/talker.dir/src/publisher_member_function.cpp.o[0m
[ 50%] [32mBuilding CXX object CMakeFiles/listener.dir/src/subscriber_member_function.cpp.o[0m
[ 75%] [32m[1mLinking CXX executable talker[0m
[ 75%] Built target talker
[100%] [32m[1mLinking CXX executable listener[0m
[100%] Built target listener
-- Install configuration: ""
-- Installing: /home/aaf/Software/Dev/Templates/ROS2/cpp_pubsub/install/cpp_pubsub/lib/cpp_pubsub/talker
-- Set runtime path of "/home/aaf/Software/Dev/Templates/ROS2/cpp_pubsub/install/cpp_pubsub/lib/cpp_pubsub/talker" to ""
-- Up-to-date: /home/aaf/Software/Dev/Templates/ROS2/cpp_pubsub/install/cpp_pubsub/lib/cpp_pubsub/talker
-- Installing: /home/aaf/Software/Dev/Templates/ROS2/cpp_pubsub/install/cpp_pubsub/lib/cpp_pubsub/listener
-- Set runtime path of "/home/aaf/Software/Dev/Templates/ROS2/cpp_pubsub/install/cpp_pubsub/lib/cpp_pubsub/listener" to ""
-- Installing: /home/aaf/Software/Dev/Templates/ROS2/cpp_pubsub/install/cpp_pubsub/share/ament_index/resource_index/package_run_dependencies/cpp_pubsub
-- Installing: /home/aaf/Software/Dev/Templates/ROS2/cpp_pubsub/install/cpp_pubsub/share/ament_index/resource_index/parent_prefix_path/cpp_pubsub
-- Installing: /home/aaf/Software/Dev/Templates/ROS2/cpp_pubsub/install/cpp_pubsub/share/cpp_pubsub/environment/ament_prefix_path.sh
-- Installing: /home/aaf/Software/Dev/Templates/ROS2/cpp_pubsub/install/cpp_pubsub/share/cpp_pubsub/environment/ament_prefix_path.dsv
-- Installing: /home/aaf/Software/Dev/Templates/ROS2/cpp_pubsub/install/cpp_pubsub/share/cpp_pubsub/environment/path.sh
-- Installing: /home/aaf/Software/Dev/Templates/ROS2/cpp_pubsub/install/cpp_pubsub/share/cpp_pubsub/environment/path.dsv
-- Installing: /home/aaf/Software/Dev/Templates/ROS2/cpp_pubsub/install/cpp_pubsub/share/cpp_pubsub/local_setup.bash
-- Installing: /home/aaf/Software/Dev/Templates/ROS2/cpp_pubsub/install/cpp_pubsub/share/cpp_pubsub/local_setup.sh
-- Installing: /home/aaf/Software/Dev/Templates/ROS2/cpp_pubsub/install/cpp_pubsub/share/cpp_pubsub/local_setup.zsh
-- Installing: /home/aaf/Software/Dev/Templates/ROS2/cpp_pubsub/install/cpp_pubsub/share/cpp_pubsub/local_setup.dsv
-- Installing: /home/aaf/Software/Dev/Templates/ROS2/cpp_pubsub/install/cpp_pubsub/share/cpp_pubsub/package.dsv
-- Installing: /home/aaf/Software/Dev/Templates/ROS2/cpp_pubsub/install/cpp_pubsub/share/ament_index/resource_index/packages/cpp_pubsub
-- Installing: /home/aaf/Software/Dev/Templates/ROS2/cpp_pubsub/install/cpp_pubsub/share/cpp_pubsub/cmake/cpp_pubsubConfig.cmake
-- Installing: /home/aaf/Software/Dev/Templates/ROS2/cpp_pubsub/install/cpp_pubsub/share/cpp_pubsub/cmake/cpp_pubsubConfig-version.cmake
-- Installing: /home/aaf/Software/Dev/Templates/ROS2/cpp_pubsub/install/cpp_pubsub/share/cpp_pubsub/package.xml
