[0.014s] Invoking command in '/home/aaf/Software/Dev/Templates/ROS2/cpp_pubsub/build/cpp_pubsub': CMAKE_PREFIX_PATH=/opt/ros/rolling /usr/bin/cmake /home/aaf/Software/Dev/Templates/ROS2/cpp_pubsub -DCMAKE_INSTALL_PREFIX=/home/aaf/Software/Dev/Templates/ROS2/cpp_pubsub/install/cpp_pubsub
[0.034s] -- Found ament_cmake: 1.2.1 (/opt/ros/rolling/share/ament_cmake/cmake)
[0.215s] -- Found rclcpp: 15.0.0 (/opt/ros/rolling/share/rclcpp/cmake)
[0.255s] -- Using all available rosidl_typesupport_c: rosidl_typesupport_fastrtps_c;rosidl_typesupport_introspection_c
[0.258s] -- Found rosidl_adapter: 3.0.1 (/opt/ros/rolling/share/rosidl_adapter/cmake)
[0.293s] -- Using all available rosidl_typesupport_cpp: rosidl_typesupport_fastrtps_cpp;rosidl_typesupport_introspection_cpp
[0.352s] -- Found rmw_implementation_cmake: 5.1.0 (/opt/ros/rolling/share/rmw_implementation_cmake/cmake)
[0.354s] -- Found rmw_cyclonedds_cpp: 1.1.2 (/opt/ros/rolling/share/rmw_cyclonedds_cpp/cmake)
[0.374s] -- Using RMW implementation 'rmw_cyclonedds_cpp' as default
[0.601s] -- Configuring done
[0.613s] -- Generating done
[0.615s] -- Build files have been written to: /home/aaf/Software/Dev/Templates/ROS2/cpp_pubsub/build/cpp_pubsub
[0.621s] Invoked command in '/home/aaf/Software/Dev/Templates/ROS2/cpp_pubsub/build/cpp_pubsub' returned '0': CMAKE_PREFIX_PATH=/opt/ros/rolling /usr/bin/cmake /home/aaf/Software/Dev/Templates/ROS2/cpp_pubsub -DCMAKE_INSTALL_PREFIX=/home/aaf/Software/Dev/Templates/ROS2/cpp_pubsub/install/cpp_pubsub
[0.624s] Invoking command in '/home/aaf/Software/Dev/Templates/ROS2/cpp_pubsub/build/cpp_pubsub': CMAKE_PREFIX_PATH=/opt/ros/rolling /usr/bin/cmake --build /home/aaf/Software/Dev/Templates/ROS2/cpp_pubsub/build/cpp_pubsub -- -j8 -l8
[0.669s] [35m[1mScanning dependencies of target listener[0m
[0.669s] [35m[1mScanning dependencies of target talker[0m
[0.779s] [ 50%] [32mBuilding CXX object CMakeFiles/talker.dir/src/publisher_member_function.cpp.o[0m
[0.779s] [ 50%] [32mBuilding CXX object CMakeFiles/listener.dir/src/subscriber_member_function.cpp.o[0m
[5.821s] [ 75%] [32m[1mLinking CXX executable talker[0m
[6.111s] [ 75%] Built target talker
[10.158s] [100%] [32m[1mLinking CXX executable listener[0m
[10.634s] [100%] Built target listener
[10.650s] Invoked command in '/home/aaf/Software/Dev/Templates/ROS2/cpp_pubsub/build/cpp_pubsub' returned '0': CMAKE_PREFIX_PATH=/opt/ros/rolling /usr/bin/cmake --build /home/aaf/Software/Dev/Templates/ROS2/cpp_pubsub/build/cpp_pubsub -- -j8 -l8
[10.703s] Invoking command in '/home/aaf/Software/Dev/Templates/ROS2/cpp_pubsub/build/cpp_pubsub': CMAKE_PREFIX_PATH=/opt/ros/rolling /usr/bin/cmake --install /home/aaf/Software/Dev/Templates/ROS2/cpp_pubsub/build/cpp_pubsub
[10.717s] -- Install configuration: ""
[10.717s] -- Installing: /home/aaf/Software/Dev/Templates/ROS2/cpp_pubsub/install/cpp_pubsub/lib/cpp_pubsub/talker
[10.719s] -- Set runtime path of "/home/aaf/Software/Dev/Templates/ROS2/cpp_pubsub/install/cpp_pubsub/lib/cpp_pubsub/talker" to ""
[10.719s] -- Up-to-date: /home/aaf/Software/Dev/Templates/ROS2/cpp_pubsub/install/cpp_pubsub/lib/cpp_pubsub/talker
[10.720s] -- Installing: /home/aaf/Software/Dev/Templates/ROS2/cpp_pubsub/install/cpp_pubsub/lib/cpp_pubsub/listener
[10.725s] -- Set runtime path of "/home/aaf/Software/Dev/Templates/ROS2/cpp_pubsub/install/cpp_pubsub/lib/cpp_pubsub/listener" to ""
[10.725s] -- Installing: /home/aaf/Software/Dev/Templates/ROS2/cpp_pubsub/install/cpp_pubsub/share/ament_index/resource_index/package_run_dependencies/cpp_pubsub
[10.725s] -- Installing: /home/aaf/Software/Dev/Templates/ROS2/cpp_pubsub/install/cpp_pubsub/share/ament_index/resource_index/parent_prefix_path/cpp_pubsub
[10.726s] -- Installing: /home/aaf/Software/Dev/Templates/ROS2/cpp_pubsub/install/cpp_pubsub/share/cpp_pubsub/environment/ament_prefix_path.sh
[10.726s] -- Installing: /home/aaf/Software/Dev/Templates/ROS2/cpp_pubsub/install/cpp_pubsub/share/cpp_pubsub/environment/ament_prefix_path.dsv
[10.726s] -- Installing: /home/aaf/Software/Dev/Templates/ROS2/cpp_pubsub/install/cpp_pubsub/share/cpp_pubsub/environment/path.sh
[10.726s] -- Installing: /home/aaf/Software/Dev/Templates/ROS2/cpp_pubsub/install/cpp_pubsub/share/cpp_pubsub/environment/path.dsv
[10.727s] -- Installing: /home/aaf/Software/Dev/Templates/ROS2/cpp_pubsub/install/cpp_pubsub/share/cpp_pubsub/local_setup.bash
[10.727s] -- Installing: /home/aaf/Software/Dev/Templates/ROS2/cpp_pubsub/install/cpp_pubsub/share/cpp_pubsub/local_setup.sh
[10.727s] -- Installing: /home/aaf/Software/Dev/Templates/ROS2/cpp_pubsub/install/cpp_pubsub/share/cpp_pubsub/local_setup.zsh
[10.727s] -- Installing: /home/aaf/Software/Dev/Templates/ROS2/cpp_pubsub/install/cpp_pubsub/share/cpp_pubsub/local_setup.dsv
[10.727s] -- Installing: /home/aaf/Software/Dev/Templates/ROS2/cpp_pubsub/install/cpp_pubsub/share/cpp_pubsub/package.dsv
[10.727s] -- Installing: /home/aaf/Software/Dev/Templates/ROS2/cpp_pubsub/install/cpp_pubsub/share/ament_index/resource_index/packages/cpp_pubsub
[10.727s] -- Installing: /home/aaf/Software/Dev/Templates/ROS2/cpp_pubsub/install/cpp_pubsub/share/cpp_pubsub/cmake/cpp_pubsubConfig.cmake
[10.728s] -- Installing: /home/aaf/Software/Dev/Templates/ROS2/cpp_pubsub/install/cpp_pubsub/share/cpp_pubsub/cmake/cpp_pubsubConfig-version.cmake
[10.728s] -- Installing: /home/aaf/Software/Dev/Templates/ROS2/cpp_pubsub/install/cpp_pubsub/share/cpp_pubsub/package.xml
[10.731s] Invoked command in '/home/aaf/Software/Dev/Templates/ROS2/cpp_pubsub/build/cpp_pubsub' returned '0': CMAKE_PREFIX_PATH=/opt/ros/rolling /usr/bin/cmake --install /home/aaf/Software/Dev/Templates/ROS2/cpp_pubsub/build/cpp_pubsub
