[0.153s] DEBUG:colcon:Command line arguments: ['/usr/bin/colcon', 'build', '--packages-select', 'cpp_pubsub']
[0.153s] DEBUG:colcon:Parsed command line arguments: Namespace(allow_overriding=[], ament_cmake_args=None, base_paths=['.'], build_base='build', catkin_cmake_args=None, catkin_skip_building_tests=False, cmake_args=None, cmake_clean_cache=False, cmake_clean_first=False, cmake_force_configure=False, cmake_target=None, cmake_target_skip_unavailable=False, continue_on_error=False, event_handlers=None, executor='parallel', ignore_user_meta=False, install_base='install', log_base=None, log_level=None, main=<bound method BuildVerb.main of <colcon_core.verb.build.BuildVerb object at 0x7f0107229640>>, merge_install=False, metas=['./colcon.meta'], packages_above=None, packages_above_and_dependencies=None, packages_above_depth=None, packages_end=None, packages_ignore=None, packages_ignore_regex=None, packages_select=['cpp_pubsub'], packages_select_build_failed=False, packages_select_by_dep=None, packages_select_regex=None, packages_select_test_failures=False, packages_skip=None, packages_skip_build_finished=False, packages_skip_by_dep=None, packages_skip_regex=None, packages_skip_test_passed=False, packages_skip_up_to=None, packages_start=None, packages_up_to=None, packages_up_to_regex=None, parallel_workers=8, paths=None, symlink_install=False, test_result_base=None, verb_extension=<colcon_core.verb.build.BuildVerb object at 0x7f0107229640>, verb_name='build', verb_parser=<colcon_defaults.argument_parser.defaults.DefaultArgumentsDecorator object at 0x7f0107229b80>)
[0.178s] Level 1:colcon.colcon_core.package_discovery:discover_packages(colcon_meta) check parameters
[0.178s] Level 1:colcon.colcon_core.package_discovery:discover_packages(recursive) check parameters
[0.178s] Level 1:colcon.colcon_core.package_discovery:discover_packages(ignore) check parameters
[0.178s] Level 1:colcon.colcon_core.package_discovery:discover_packages(path) check parameters
[0.178s] Level 1:colcon.colcon_core.package_discovery:discover_packages(colcon_meta) discover
[0.178s] Level 1:colcon.colcon_core.package_discovery:discover_packages(recursive) discover
[0.178s] INFO:colcon.colcon_core.package_discovery:Crawling recursively for packages in '/home/aaf/Software/Dev/Templates/ROS2/cpp_pubsub'
[0.178s] Level 1:colcon.colcon_core.package_identification:_identify(.) by extensions ['ignore', 'ignore_ament_install']
[0.178s] Level 1:colcon.colcon_core.package_identification:_identify(.) by extension 'ignore'
[0.178s] Level 1:colcon.colcon_core.package_identification:_identify(.) by extension 'ignore_ament_install'
[0.178s] Level 1:colcon.colcon_core.package_identification:_identify(.) by extensions ['colcon_pkg']
[0.178s] Level 1:colcon.colcon_core.package_identification:_identify(.) by extension 'colcon_pkg'
[0.178s] Level 1:colcon.colcon_core.package_identification:_identify(.) by extensions ['colcon_meta']
[0.178s] Level 1:colcon.colcon_core.package_identification:_identify(.) by extension 'colcon_meta'
[0.178s] Level 1:colcon.colcon_core.package_identification:_identify(.) by extensions ['ros']
[0.178s] Level 1:colcon.colcon_core.package_identification:_identify(.) by extension 'ros'
[0.203s] DEBUG:colcon.colcon_core.package_identification:Package '.' with type 'ros.ament_cmake' and name 'cpp_pubsub'
[0.203s] Level 1:colcon.colcon_core.package_discovery:discover_packages(recursive) using defaults
[0.203s] Level 1:colcon.colcon_core.package_discovery:discover_packages(ignore) discover
[0.203s] Level 1:colcon.colcon_core.package_discovery:discover_packages(ignore) using defaults
[0.203s] Level 1:colcon.colcon_core.package_discovery:discover_packages(path) discover
[0.203s] Level 1:colcon.colcon_core.package_discovery:discover_packages(path) using defaults
[0.225s] Level 1:colcon.colcon_core.package_discovery:discover_packages(prefix_path) check parameters
[0.225s] Level 1:colcon.colcon_core.package_discovery:discover_packages(prefix_path) discover
[0.229s] DEBUG:colcon.colcon_installed_package_information.package_discovery:Found 271 installed packages in /opt/ros/rolling
[0.232s] Level 1:colcon.colcon_core.package_discovery:discover_packages(prefix_path) using defaults
[0.316s] Level 5:colcon.colcon_core.verb:set package 'cpp_pubsub' build argument 'cmake_args' from command line to 'None'
[0.316s] Level 5:colcon.colcon_core.verb:set package 'cpp_pubsub' build argument 'cmake_target' from command line to 'None'
[0.316s] Level 5:colcon.colcon_core.verb:set package 'cpp_pubsub' build argument 'cmake_target_skip_unavailable' from command line to 'False'
[0.316s] Level 5:colcon.colcon_core.verb:set package 'cpp_pubsub' build argument 'cmake_clean_cache' from command line to 'False'
[0.316s] Level 5:colcon.colcon_core.verb:set package 'cpp_pubsub' build argument 'cmake_clean_first' from command line to 'False'
[0.316s] Level 5:colcon.colcon_core.verb:set package 'cpp_pubsub' build argument 'cmake_force_configure' from command line to 'False'
[0.316s] Level 5:colcon.colcon_core.verb:set package 'cpp_pubsub' build argument 'ament_cmake_args' from command line to 'None'
[0.316s] Level 5:colcon.colcon_core.verb:set package 'cpp_pubsub' build argument 'catkin_cmake_args' from command line to 'None'
[0.316s] Level 5:colcon.colcon_core.verb:set package 'cpp_pubsub' build argument 'catkin_skip_building_tests' from command line to 'False'
[0.316s] DEBUG:colcon.colcon_core.verb:Building package 'cpp_pubsub' with the following arguments: {'ament_cmake_args': None, 'build_base': '/home/aaf/Software/Dev/Templates/ROS2/cpp_pubsub/build/cpp_pubsub', 'catkin_cmake_args': None, 'catkin_skip_building_tests': False, 'cmake_args': None, 'cmake_clean_cache': False, 'cmake_clean_first': False, 'cmake_force_configure': False, 'cmake_target': None, 'cmake_target_skip_unavailable': False, 'install_base': '/home/aaf/Software/Dev/Templates/ROS2/cpp_pubsub/install/cpp_pubsub', 'merge_install': False, 'path': '/home/aaf/Software/Dev/Templates/ROS2/cpp_pubsub', 'symlink_install': False, 'test_result_base': None}
[0.317s] INFO:colcon.colcon_core.executor:Executing jobs using 'parallel' executor
[0.322s] DEBUG:colcon.colcon_parallel_executor.executor.parallel:run_until_complete
[0.322s] INFO:colcon.colcon_ros.task.ament_cmake.build:Building ROS package in '/home/aaf/Software/Dev/Templates/ROS2/cpp_pubsub' with build type 'ament_cmake'
[0.322s] INFO:colcon.colcon_cmake.task.cmake.build:Building CMake package in '/home/aaf/Software/Dev/Templates/ROS2/cpp_pubsub'
[0.326s] INFO:colcon.colcon_core.plugin_system:Skipping extension 'colcon_core.shell.bat': Not used on non-Windows systems
[0.326s] INFO:colcon.colcon_core.shell:Skip shell extension 'powershell' for command environment: Not usable outside of PowerShell
[0.326s] DEBUG:colcon.colcon_core.shell:Skip shell extension 'dsv' for command environment
[0.336s] DEBUG:colcon.colcon_core.event_handler.log_command:Invoking command in '/home/aaf/Software/Dev/Templates/ROS2/cpp_pubsub/build/cpp_pubsub': CMAKE_PREFIX_PATH=/opt/ros/rolling /usr/bin/cmake /home/aaf/Software/Dev/Templates/ROS2/cpp_pubsub -DCMAKE_INSTALL_PREFIX=/home/aaf/Software/Dev/Templates/ROS2/cpp_pubsub/install/cpp_pubsub
[0.943s] DEBUG:colcon.colcon_core.event_handler.log_command:Invoked command in '/home/aaf/Software/Dev/Templates/ROS2/cpp_pubsub/build/cpp_pubsub' returned '0': CMAKE_PREFIX_PATH=/opt/ros/rolling /usr/bin/cmake /home/aaf/Software/Dev/Templates/ROS2/cpp_pubsub -DCMAKE_INSTALL_PREFIX=/home/aaf/Software/Dev/Templates/ROS2/cpp_pubsub/install/cpp_pubsub
[0.947s] DEBUG:colcon.colcon_core.event_handler.log_command:Invoking command in '/home/aaf/Software/Dev/Templates/ROS2/cpp_pubsub/build/cpp_pubsub': CMAKE_PREFIX_PATH=/opt/ros/rolling /usr/bin/cmake --build /home/aaf/Software/Dev/Templates/ROS2/cpp_pubsub/build/cpp_pubsub -- -j8 -l8
[10.973s] DEBUG:colcon.colcon_core.event_handler.log_command:Invoked command in '/home/aaf/Software/Dev/Templates/ROS2/cpp_pubsub/build/cpp_pubsub' returned '0': CMAKE_PREFIX_PATH=/opt/ros/rolling /usr/bin/cmake --build /home/aaf/Software/Dev/Templates/ROS2/cpp_pubsub/build/cpp_pubsub -- -j8 -l8
[11.028s] DEBUG:colcon.colcon_core.event_handler.log_command:Invoking command in '/home/aaf/Software/Dev/Templates/ROS2/cpp_pubsub/build/cpp_pubsub': CMAKE_PREFIX_PATH=/opt/ros/rolling /usr/bin/cmake --install /home/aaf/Software/Dev/Templates/ROS2/cpp_pubsub/build/cpp_pubsub
[11.052s] Level 1:colcon.colcon_core.environment:create_environment_scripts_only(cpp_pubsub)
[11.054s] DEBUG:colcon.colcon_core.event_handler.log_command:Invoked command in '/home/aaf/Software/Dev/Templates/ROS2/cpp_pubsub/build/cpp_pubsub' returned '0': CMAKE_PREFIX_PATH=/opt/ros/rolling /usr/bin/cmake --install /home/aaf/Software/Dev/Templates/ROS2/cpp_pubsub/build/cpp_pubsub
[11.063s] Level 1:colcon.colcon_core.environment:checking '/home/aaf/Software/Dev/Templates/ROS2/cpp_pubsub/install/cpp_pubsub' for CMake module files
[11.064s] Level 1:colcon.colcon_core.environment:checking '/home/aaf/Software/Dev/Templates/ROS2/cpp_pubsub/install/cpp_pubsub' for CMake config files
[11.064s] Level 1:colcon.colcon_core.shell:create_environment_hook('cpp_pubsub', 'cmake_prefix_path')
[11.067s] INFO:colcon.colcon_core.shell:Creating environment hook '/home/aaf/Software/Dev/Templates/ROS2/cpp_pubsub/install/cpp_pubsub/share/cpp_pubsub/hook/cmake_prefix_path.ps1'
[11.068s] INFO:colcon.colcon_core.shell:Creating environment descriptor '/home/aaf/Software/Dev/Templates/ROS2/cpp_pubsub/install/cpp_pubsub/share/cpp_pubsub/hook/cmake_prefix_path.dsv'
[11.068s] INFO:colcon.colcon_core.shell:Creating environment hook '/home/aaf/Software/Dev/Templates/ROS2/cpp_pubsub/install/cpp_pubsub/share/cpp_pubsub/hook/cmake_prefix_path.sh'
[11.069s] Level 1:colcon.colcon_core.environment:checking '/home/aaf/Software/Dev/Templates/ROS2/cpp_pubsub/install/cpp_pubsub/lib'
[11.070s] Level 1:colcon.colcon_core.environment:checking '/home/aaf/Software/Dev/Templates/ROS2/cpp_pubsub/install/cpp_pubsub/bin'
[11.070s] Level 1:colcon.colcon_core.environment:checking '/home/aaf/Software/Dev/Templates/ROS2/cpp_pubsub/install/cpp_pubsub/lib/pkgconfig/cpp_pubsub.pc'
[11.070s] Level 1:colcon.colcon_core.environment:checking '/home/aaf/Software/Dev/Templates/ROS2/cpp_pubsub/install/cpp_pubsub/lib/python3.8/site-packages'
[11.071s] Level 1:colcon.colcon_core.environment:checking '/home/aaf/Software/Dev/Templates/ROS2/cpp_pubsub/install/cpp_pubsub/bin'
[11.073s] INFO:colcon.colcon_core.shell:Creating package script '/home/aaf/Software/Dev/Templates/ROS2/cpp_pubsub/install/cpp_pubsub/share/cpp_pubsub/package.ps1'
[11.074s] INFO:colcon.colcon_core.shell:Creating package descriptor '/home/aaf/Software/Dev/Templates/ROS2/cpp_pubsub/install/cpp_pubsub/share/cpp_pubsub/package.dsv'
[11.075s] INFO:colcon.colcon_core.shell:Creating package script '/home/aaf/Software/Dev/Templates/ROS2/cpp_pubsub/install/cpp_pubsub/share/cpp_pubsub/package.sh'
[11.076s] INFO:colcon.colcon_core.shell:Creating package script '/home/aaf/Software/Dev/Templates/ROS2/cpp_pubsub/install/cpp_pubsub/share/cpp_pubsub/package.bash'
[11.077s] INFO:colcon.colcon_core.shell:Creating package script '/home/aaf/Software/Dev/Templates/ROS2/cpp_pubsub/install/cpp_pubsub/share/cpp_pubsub/package.zsh'
[11.078s] Level 1:colcon.colcon_core.environment:create_file_with_runtime_dependencies(/home/aaf/Software/Dev/Templates/ROS2/cpp_pubsub/install/cpp_pubsub/share/colcon-core/packages/cpp_pubsub)
[11.117s] Level 1:colcon.colcon_core.environment:create_environment_scripts_only(cpp_pubsub)
[11.122s] Level 1:colcon.colcon_core.environment:checking '/home/aaf/Software/Dev/Templates/ROS2/cpp_pubsub/install/cpp_pubsub' for CMake module files
[11.123s] Level 1:colcon.colcon_core.environment:checking '/home/aaf/Software/Dev/Templates/ROS2/cpp_pubsub/install/cpp_pubsub' for CMake config files
[11.124s] Level 1:colcon.colcon_core.shell:create_environment_hook('cpp_pubsub', 'cmake_prefix_path')
[11.126s] INFO:colcon.colcon_core.shell:Creating environment hook '/home/aaf/Software/Dev/Templates/ROS2/cpp_pubsub/install/cpp_pubsub/share/cpp_pubsub/hook/cmake_prefix_path.ps1'
[11.127s] INFO:colcon.colcon_core.shell:Creating environment descriptor '/home/aaf/Software/Dev/Templates/ROS2/cpp_pubsub/install/cpp_pubsub/share/cpp_pubsub/hook/cmake_prefix_path.dsv'
[11.127s] INFO:colcon.colcon_core.shell:Creating environment hook '/home/aaf/Software/Dev/Templates/ROS2/cpp_pubsub/install/cpp_pubsub/share/cpp_pubsub/hook/cmake_prefix_path.sh'
[11.128s] Level 1:colcon.colcon_core.environment:checking '/home/aaf/Software/Dev/Templates/ROS2/cpp_pubsub/install/cpp_pubsub/lib'
[11.128s] Level 1:colcon.colcon_core.environment:checking '/home/aaf/Software/Dev/Templates/ROS2/cpp_pubsub/install/cpp_pubsub/bin'
[11.129s] Level 1:colcon.colcon_core.environment:checking '/home/aaf/Software/Dev/Templates/ROS2/cpp_pubsub/install/cpp_pubsub/lib/pkgconfig/cpp_pubsub.pc'
[11.129s] Level 1:colcon.colcon_core.environment:checking '/home/aaf/Software/Dev/Templates/ROS2/cpp_pubsub/install/cpp_pubsub/lib/python3.8/site-packages'
[11.129s] Level 1:colcon.colcon_core.environment:checking '/home/aaf/Software/Dev/Templates/ROS2/cpp_pubsub/install/cpp_pubsub/bin'
[11.133s] INFO:colcon.colcon_core.shell:Creating package script '/home/aaf/Software/Dev/Templates/ROS2/cpp_pubsub/install/cpp_pubsub/share/cpp_pubsub/package.ps1'
[11.133s] INFO:colcon.colcon_core.shell:Creating package descriptor '/home/aaf/Software/Dev/Templates/ROS2/cpp_pubsub/install/cpp_pubsub/share/cpp_pubsub/package.dsv'
[11.134s] INFO:colcon.colcon_core.shell:Creating package script '/home/aaf/Software/Dev/Templates/ROS2/cpp_pubsub/install/cpp_pubsub/share/cpp_pubsub/package.sh'
[11.135s] INFO:colcon.colcon_core.shell:Creating package script '/home/aaf/Software/Dev/Templates/ROS2/cpp_pubsub/install/cpp_pubsub/share/cpp_pubsub/package.bash'
[11.135s] INFO:colcon.colcon_core.shell:Creating package script '/home/aaf/Software/Dev/Templates/ROS2/cpp_pubsub/install/cpp_pubsub/share/cpp_pubsub/package.zsh'
[11.136s] Level 1:colcon.colcon_core.environment:create_file_with_runtime_dependencies(/home/aaf/Software/Dev/Templates/ROS2/cpp_pubsub/install/cpp_pubsub/share/colcon-core/packages/cpp_pubsub)
[11.136s] DEBUG:colcon.colcon_parallel_executor.executor.parallel:closing loop
[11.136s] DEBUG:colcon.colcon_parallel_executor.executor.parallel:loop closed
[11.137s] DEBUG:colcon.colcon_parallel_executor.executor.parallel:run_until_complete finished with '0'
[11.137s] DEBUG:colcon.colcon_core.event_reactor:joining thread
[11.146s] INFO:colcon.colcon_core.plugin_system:Skipping extension 'colcon_notification.desktop_notification.terminal_notifier': Not used on non-Darwin systems
[11.146s] INFO:colcon.colcon_core.plugin_system:Skipping extension 'colcon_notification.desktop_notification.win32': Not used on non-Windows systems
[11.146s] INFO:colcon.colcon_notification.desktop_notification:Sending desktop notification using 'notify2'
[11.159s] DEBUG:colcon.colcon_core.event_reactor:joined thread
[11.161s] INFO:colcon.colcon_core.shell:Creating prefix script '/home/aaf/Software/Dev/Templates/ROS2/cpp_pubsub/install/local_setup.ps1'
[11.162s] INFO:colcon.colcon_core.shell:Creating prefix util module '/home/aaf/Software/Dev/Templates/ROS2/cpp_pubsub/install/_local_setup_util_ps1.py'
[11.163s] INFO:colcon.colcon_core.shell:Creating prefix chain script '/home/aaf/Software/Dev/Templates/ROS2/cpp_pubsub/install/setup.ps1'
[11.165s] INFO:colcon.colcon_core.shell:Creating prefix script '/home/aaf/Software/Dev/Templates/ROS2/cpp_pubsub/install/local_setup.sh'
[11.165s] INFO:colcon.colcon_core.shell:Creating prefix util module '/home/aaf/Software/Dev/Templates/ROS2/cpp_pubsub/install/_local_setup_util_sh.py'
[11.166s] INFO:colcon.colcon_core.shell:Creating prefix chain script '/home/aaf/Software/Dev/Templates/ROS2/cpp_pubsub/install/setup.sh'
[11.167s] INFO:colcon.colcon_core.shell:Creating prefix script '/home/aaf/Software/Dev/Templates/ROS2/cpp_pubsub/install/local_setup.bash'
[11.168s] INFO:colcon.colcon_core.shell:Creating prefix chain script '/home/aaf/Software/Dev/Templates/ROS2/cpp_pubsub/install/setup.bash'
[11.170s] INFO:colcon.colcon_core.shell:Creating prefix script '/home/aaf/Software/Dev/Templates/ROS2/cpp_pubsub/install/local_setup.zsh'
[11.171s] INFO:colcon.colcon_core.shell:Creating prefix chain script '/home/aaf/Software/Dev/Templates/ROS2/cpp_pubsub/install/setup.zsh'
